<?xml version="1.0" encoding="UTF-8"?>
<!-- Generated by org.testng.reporters.JUnitReportReporter -->
<testsuite skipped="0" hostname="INL-DHFZTG3" name="com.Test.Pin_Screen_Validation_Test" tests="2" failures="0" timestamp="2023-08-27T20:02:04 IST" time="136.162" errors="2">
  <testcase name="Pin_Screen_Validations" time="112.683" classname="com.Test.Pin_Screen_Validation_Test">
    <error type="org.openqa.selenium.NoSuchElementException" message="An element could not be located on the page using the given search parameters.
For documentation on this error, please visit: https://www.selenium.dev/documentation/webdriver/troubleshooting/errors#no-such-element-exception
Build info: version: &#039;4.11.0&#039;, revision: &#039;040bc5406b&#039;
System info: os.name: &#039;Windows 10&#039;, os.arch: &#039;amd64&#039;, os.version: &#039;10.0&#039;, java.version: &#039;1.8.0_201&#039;
Driver info: io.appium.java_client.android.AndroidDriver
Command: [51bde5cb-9b8d-47c4-8464-33208221d298, findElement {using=xpath, value=/hierarchy/android.widget.FrameLayout/android.widget.LinearLayout/android.widget.FrameLayout/android.widget.LinearLayout/android.widget.FrameLayout/android.view.ViewGroup/android.webkit.WebView/android.webkit.WebView/android.view.View/android.view.View[3]/android.view.View/android.view.View/android.view.View[3]/android.view.View[3]/android.widget.Button}]
Capabilities {appium:appActivity: com.benseron.lingaRetail.Ma..., appium:databaseEnabled: false, appium:desired: {appActivity: com.benseron.lingaRetail.Ma..., deviceName: Galaxy Tab S8, packageName: com.benseron.lingaRetail, platformName: ANDROID, platformVersion: 13, udid: R52W1088QZV}, appium:deviceApiLevel: 33, appium:deviceManufacturer: samsung, appium:deviceModel: SM-X700, appium:deviceName: R52W1088QZV, appium:deviceScreenDensity: 340, appium:deviceScreenSize: 2560x1600, appium:deviceUDID: R52W1088QZV, appium:javascriptEnabled: true, appium:locationContextEnabled: false, appium:networkConnectionEnabled: true, appium:packageName: com.benseron.lingaRetail, appium:pixelRatio: 2.125, appium:platformVersion: 13, appium:statBarHeight: 51, appium:takesScreenshot: true, appium:udid: R52W1088QZV, appium:viewportRect: {height: 1447, left: 0, top: 51, width: 2560}, appium:warnings: {}, appium:webStorageEnabled: false, platformName: ANDROID}
Session ID: 51bde5cb-9b8d-47c4-8464-33208221d298">
      <![CDATA[org.openqa.selenium.NoSuchElementException: An element could not be located on the page using the given search parameters.
For documentation on this error, please visit: https://www.selenium.dev/documentation/webdriver/troubleshooting/errors#no-such-element-exception
Build info: version: '4.11.0', revision: '040bc5406b'
System info: os.name: 'Windows 10', os.arch: 'amd64', os.version: '10.0', java.version: '1.8.0_201'
Driver info: io.appium.java_client.android.AndroidDriver
Command: [51bde5cb-9b8d-47c4-8464-33208221d298, findElement {using=xpath, value=/hierarchy/android.widget.FrameLayout/android.widget.LinearLayout/android.widget.FrameLayout/android.widget.LinearLayout/android.widget.FrameLayout/android.view.ViewGroup/android.webkit.WebView/android.webkit.WebView/android.view.View/android.view.View[3]/android.view.View/android.view.View/android.view.View[3]/android.view.View[3]/android.widget.Button}]
Capabilities {appium:appActivity: com.benseron.lingaRetail.Ma..., appium:databaseEnabled: false, appium:desired: {appActivity: com.benseron.lingaRetail.Ma..., deviceName: Galaxy Tab S8, packageName: com.benseron.lingaRetail, platformName: ANDROID, platformVersion: 13, udid: R52W1088QZV}, appium:deviceApiLevel: 33, appium:deviceManufacturer: samsung, appium:deviceModel: SM-X700, appium:deviceName: R52W1088QZV, appium:deviceScreenDensity: 340, appium:deviceScreenSize: 2560x1600, appium:deviceUDID: R52W1088QZV, appium:javascriptEnabled: true, appium:locationContextEnabled: false, appium:networkConnectionEnabled: true, appium:packageName: com.benseron.lingaRetail, appium:pixelRatio: 2.125, appium:platformVersion: 13, appium:statBarHeight: 51, appium:takesScreenshot: true, appium:udid: R52W1088QZV, appium:viewportRect: {height: 1447, left: 0, top: 51, width: 2560}, appium:warnings: {}, appium:webStorageEnabled: false, platformName: ANDROID}
Session ID: 51bde5cb-9b8d-47c4-8464-33208221d298
at sun.reflect.NativeConstructorAccessorImpl.newInstance0(Native Method)
at sun.reflect.NativeConstructorAccessorImpl.newInstance(Unknown Source)
at sun.reflect.DelegatingConstructorAccessorImpl.newInstance(Unknown Source)
at java.lang.reflect.Constructor.newInstance(Unknown Source)
at org.openqa.selenium.remote.codec.w3c.W3CHttpResponseCodec.createException(W3CHttpResponseCodec.java:200)
at org.openqa.selenium.remote.codec.w3c.W3CHttpResponseCodec.decode(W3CHttpResponseCodec.java:133)
at org.openqa.selenium.remote.codec.w3c.W3CHttpResponseCodec.decode(W3CHttpResponseCodec.java:52)
at org.openqa.selenium.remote.HttpCommandExecutor.execute(HttpCommandExecutor.java:191)
at io.appium.java_client.remote.AppiumCommandExecutor.execute(AppiumCommandExecutor.java:262)
at org.openqa.selenium.remote.RemoteWebDriver.execute(RemoteWebDriver.java:518)
at org.openqa.selenium.remote.ElementLocation$ElementFinder$2.findElement(ElementLocation.java:165)
at org.openqa.selenium.remote.ElementLocation.findElement(ElementLocation.java:59)
at org.openqa.selenium.remote.RemoteWebDriver.findElement(RemoteWebDriver.java:355)
at org.openqa.selenium.remote.RemoteWebDriver.findElement(RemoteWebDriver.java:349)
at org.openqa.selenium.support.pagefactory.DefaultElementLocator.findElement(DefaultElementLocator.java:68)
at org.openqa.selenium.support.pagefactory.internal.LocatingElementHandler.invoke(LocatingElementHandler.java:38)
at com.sun.proxy.$Proxy10.isDisplayed(Unknown Source)
at com.Page.Appium_Base_Class.isEleEnabled(Appium_Base_Class.java:102)
at com.Page.Pin_Screen_Page.devices(Pin_Screen_Page.java:233)
at com.Page.Pin_Screen_Page.Pin_Screen_Validations(Pin_Screen_Page.java:255)
at com.Test.Pin_Screen_Validation_Test.Pin_Screen_Validations(Pin_Screen_Validation_Test.java:93)
at sun.reflect.NativeMethodAccessorImpl.invoke0(Native Method)
at sun.reflect.NativeMethodAccessorImpl.invoke(Unknown Source)
at sun.reflect.DelegatingMethodAccessorImpl.invoke(Unknown Source)
at java.lang.reflect.Method.invoke(Unknown Source)
at org.testng.internal.MethodInvocationHelper.invokeMethod(MethodInvocationHelper.java:133)
at org.testng.internal.TestInvoker.invokeMethod(TestInvoker.java:598)
at org.testng.internal.TestInvoker.invokeTestMethod(TestInvoker.java:173)
at org.testng.internal.MethodRunner.runInSequence(MethodRunner.java:46)
at org.testng.internal.TestInvoker$MethodInvocationAgent.invoke(TestInvoker.java:824)
at org.testng.internal.TestInvoker.invokeTestMethods(TestInvoker.java:146)
at org.testng.internal.TestMethodWorker.invokeTestMethods(TestMethodWorker.java:146)
at org.testng.internal.TestMethodWorker.run(TestMethodWorker.java:128)
at java.util.ArrayList.forEach(Unknown Source)
at org.testng.TestRunner.privateRun(TestRunner.java:794)
at org.testng.TestRunner.run(TestRunner.java:596)
at org.testng.SuiteRunner.runTest(SuiteRunner.java:377)
at org.testng.SuiteRunner.runSequentially(SuiteRunner.java:371)
at org.testng.SuiteRunner.privateRun(SuiteRunner.java:332)
at org.testng.SuiteRunner.run(SuiteRunner.java:276)
at org.testng.SuiteRunnerWorker.runSuite(SuiteRunnerWorker.java:53)
at org.testng.SuiteRunnerWorker.run(SuiteRunnerWorker.java:96)
at org.testng.TestNG.runSuitesSequentially(TestNG.java:1212)
at org.testng.TestNG.runSuitesLocally(TestNG.java:1134)
at org.testng.TestNG.runSuites(TestNG.java:1063)
at org.testng.TestNG.run(TestNG.java:1031)
at org.testng.remote.AbstractRemoteTestNG.run(AbstractRemoteTestNG.java:115)
at org.testng.remote.RemoteTestNG.initAndRun(RemoteTestNG.java:251)
at org.testng.remote.RemoteTestNG.main(RemoteTestNG.java:77)
]]>
    </error>
  </testcase> <!-- Pin_Screen_Validations -->
  <system-out/>
  <testcase name="Log_out" time="23.479" classname="com.Test.Pin_Screen_Validation_Test">
    <error type="org.openqa.selenium.NoSuchElementException" message="An element could not be located on the page using the given search parameters.
For documentation on this error, please visit: https://www.selenium.dev/documentation/webdriver/troubleshooting/errors#no-such-element-exception
Build info: version: &#039;4.11.0&#039;, revision: &#039;040bc5406b&#039;
System info: os.name: &#039;Windows 10&#039;, os.arch: &#039;amd64&#039;, os.version: &#039;10.0&#039;, java.version: &#039;1.8.0_201&#039;
Driver info: io.appium.java_client.android.AndroidDriver
Command: [50fc1045-1654-4532-a775-7d01647f8941, findElement {using=xpath, value=/hierarchy/android.widget.FrameLayout/android.widget.LinearLayout/android.widget.FrameLayout/android.widget.LinearLayout/android.widget.FrameLayout/android.view.ViewGroup/android.webkit.WebView/android.webkit.WebView/android.view.View/android.view.View/android.view.View/android.view.View/android.app.Dialog/android.widget.Button[1]}]
Capabilities {appium:appActivity: com.benseron.lingaRetail.Ma..., appium:databaseEnabled: false, appium:desired: {appActivity: com.benseron.lingaRetail.Ma..., deviceName: Galaxy Tab S8, packageName: com.benseron.lingaRetail, platformName: ANDROID, platformVersion: 13, udid: R52W1088QZV}, appium:deviceApiLevel: 33, appium:deviceManufacturer: samsung, appium:deviceModel: SM-X700, appium:deviceName: R52W1088QZV, appium:deviceScreenDensity: 340, appium:deviceScreenSize: 2560x1600, appium:deviceUDID: R52W1088QZV, appium:javascriptEnabled: true, appium:locationContextEnabled: false, appium:networkConnectionEnabled: true, appium:packageName: com.benseron.lingaRetail, appium:pixelRatio: 2.125, appium:platformVersion: 13, appium:statBarHeight: 51, appium:takesScreenshot: true, appium:udid: R52W1088QZV, appium:viewportRect: {height: 1447, left: 0, top: 51, width: 2560}, appium:warnings: {}, appium:webStorageEnabled: false, platformName: ANDROID}
Session ID: 50fc1045-1654-4532-a775-7d01647f8941">
      <![CDATA[org.openqa.selenium.NoSuchElementException: An element could not be located on the page using the given search parameters.
For documentation on this error, please visit: https://www.selenium.dev/documentation/webdriver/troubleshooting/errors#no-such-element-exception
Build info: version: '4.11.0', revision: '040bc5406b'
System info: os.name: 'Windows 10', os.arch: 'amd64', os.version: '10.0', java.version: '1.8.0_201'
Driver info: io.appium.java_client.android.AndroidDriver
Command: [50fc1045-1654-4532-a775-7d01647f8941, findElement {using=xpath, value=/hierarchy/android.widget.FrameLayout/android.widget.LinearLayout/android.widget.FrameLayout/android.widget.LinearLayout/android.widget.FrameLayout/android.view.ViewGroup/android.webkit.WebView/android.webkit.WebView/android.view.View/android.view.View/android.view.View/android.view.View/android.app.Dialog/android.widget.Button[1]}]
Capabilities {appium:appActivity: com.benseron.lingaRetail.Ma..., appium:databaseEnabled: false, appium:desired: {appActivity: com.benseron.lingaRetail.Ma..., deviceName: Galaxy Tab S8, packageName: com.benseron.lingaRetail, platformName: ANDROID, platformVersion: 13, udid: R52W1088QZV}, appium:deviceApiLevel: 33, appium:deviceManufacturer: samsung, appium:deviceModel: SM-X700, appium:deviceName: R52W1088QZV, appium:deviceScreenDensity: 340, appium:deviceScreenSize: 2560x1600, appium:deviceUDID: R52W1088QZV, appium:javascriptEnabled: true, appium:locationContextEnabled: false, appium:networkConnectionEnabled: true, appium:packageName: com.benseron.lingaRetail, appium:pixelRatio: 2.125, appium:platformVersion: 13, appium:statBarHeight: 51, appium:takesScreenshot: true, appium:udid: R52W1088QZV, appium:viewportRect: {height: 1447, left: 0, top: 51, width: 2560}, appium:warnings: {}, appium:webStorageEnabled: false, platformName: ANDROID}
Session ID: 50fc1045-1654-4532-a775-7d01647f8941
at sun.reflect.NativeConstructorAccessorImpl.newInstance0(Native Method)
at sun.reflect.NativeConstructorAccessorImpl.newInstance(Unknown Source)
at sun.reflect.DelegatingConstructorAccessorImpl.newInstance(Unknown Source)
at java.lang.reflect.Constructor.newInstance(Unknown Source)
at org.openqa.selenium.remote.codec.w3c.W3CHttpResponseCodec.createException(W3CHttpResponseCodec.java:200)
at org.openqa.selenium.remote.codec.w3c.W3CHttpResponseCodec.decode(W3CHttpResponseCodec.java:133)
at org.openqa.selenium.remote.codec.w3c.W3CHttpResponseCodec.decode(W3CHttpResponseCodec.java:52)
at org.openqa.selenium.remote.HttpCommandExecutor.execute(HttpCommandExecutor.java:191)
at io.appium.java_client.remote.AppiumCommandExecutor.execute(AppiumCommandExecutor.java:262)
at org.openqa.selenium.remote.RemoteWebDriver.execute(RemoteWebDriver.java:518)
at org.openqa.selenium.remote.ElementLocation$ElementFinder$2.findElement(ElementLocation.java:165)
at org.openqa.selenium.remote.ElementLocation.findElement(ElementLocation.java:59)
at org.openqa.selenium.remote.RemoteWebDriver.findElement(RemoteWebDriver.java:355)
at org.openqa.selenium.remote.RemoteWebDriver.findElement(RemoteWebDriver.java:349)
at org.openqa.selenium.support.pagefactory.DefaultElementLocator.findElement(DefaultElementLocator.java:68)
at org.openqa.selenium.support.pagefactory.internal.LocatingElementHandler.invoke(LocatingElementHandler.java:38)
at com.sun.proxy.$Proxy10.click(Unknown Source)
at com.Page.Appium_Base_Class.click_Ele(Appium_Base_Class.java:52)
at com.Page.Login_Page.SignOut(Login_Page.java:196)
at com.Test.Pin_Screen_Validation_Test.Log_out(Pin_Screen_Validation_Test.java:86)
at sun.reflect.NativeMethodAccessorImpl.invoke0(Native Method)
at sun.reflect.NativeMethodAccessorImpl.invoke(Unknown Source)
at sun.reflect.DelegatingMethodAccessorImpl.invoke(Unknown Source)
at java.lang.reflect.Method.invoke(Unknown Source)
at org.testng.internal.MethodInvocationHelper.invokeMethod(MethodInvocationHelper.java:133)
at org.testng.internal.TestInvoker.invokeMethod(TestInvoker.java:598)
at org.testng.internal.TestInvoker.invokeTestMethod(TestInvoker.java:173)
at org.testng.internal.MethodRunner.runInSequence(MethodRunner.java:46)
at org.testng.internal.TestInvoker$MethodInvocationAgent.invoke(TestInvoker.java:824)
at org.testng.internal.TestInvoker.invokeTestMethods(TestInvoker.java:146)
at org.testng.internal.TestMethodWorker.invokeTestMethods(TestMethodWorker.java:146)
at org.testng.internal.TestMethodWorker.run(TestMethodWorker.java:128)
at java.util.ArrayList.forEach(Unknown Source)
at org.testng.TestRunner.privateRun(TestRunner.java:794)
at org.testng.TestRunner.run(TestRunner.java:596)
at org.testng.SuiteRunner.runTest(SuiteRunner.java:377)
at org.testng.SuiteRunner.runSequentially(SuiteRunner.java:371)
at org.testng.SuiteRunner.privateRun(SuiteRunner.java:332)
at org.testng.SuiteRunner.run(SuiteRunner.java:276)
at org.testng.SuiteRunnerWorker.runSuite(SuiteRunnerWorker.java:53)
at org.testng.SuiteRunnerWorker.run(SuiteRunnerWorker.java:96)
at org.testng.TestNG.runSuitesSequentially(TestNG.java:1212)
at org.testng.TestNG.runSuitesLocally(TestNG.java:1134)
at org.testng.TestNG.runSuites(TestNG.java:1063)
at org.testng.TestNG.run(TestNG.java:1031)
at org.testng.remote.AbstractRemoteTestNG.run(AbstractRemoteTestNG.java:115)
at org.testng.remote.RemoteTestNG.initAndRun(RemoteTestNG.java:251)
at org.testng.remote.RemoteTestNG.main(RemoteTestNG.java:77)
]]>
    </error>
  </testcase> <!-- Log_out -->
  <system-out/>
</testsuite> <!-- com.Test.Pin_Screen_Validation_Test -->
