<?xml version="1.0" encoding="UTF-8"?>
<!-- Generated by org.testng.reporters.JUnitReportReporter -->
<testsuite skipped="0" hostname="INL-DHFZTG3" name="Appium_Base.Appium_Base_Class" tests="1" failures="0" timestamp="2023-08-22T20:04:38 IST" time="14.665" errors="0">
  <testcase name="desried_Cap" time="14.665" classname="Appium_Base.Appium_Base_Class"/>
  <system-out/>
</testsuite> <!-- Appium_Base.Appium_Base_Class -->
