<?xml version="1.0" encoding="UTF-8"?>
<!-- Generated by org.testng.reporters.JUnitReportReporter -->
<testsuite skipped="0" hostname="INL-DHFZTG3" name="com.Test.Login_Test" tests="1" failures="0" timestamp="2023-08-25T14:53:47 IST" time="28.197" errors="0">
  <testcase name="login_Pin" time="28.197" classname="com.Test.Login_Test"/>
  <system-out/>
</testsuite> <!-- com.Test.Login_Test -->
