<?xml version="1.0" encoding="UTF-8"?>
<!-- Generated by org.testng.reporters.JUnitReportReporter -->
<testsuite skipped="0" hostname="INL-DHFZTG3" name="com.Test.RetailPOS_Order_Test" tests="1" failures="0" timestamp="2023-11-09T13:56:18 IST" time="137.079" errors="0">
  <testcase name="OrderScreen_Kit_AccessbileItem_Sale" time="137.079" classname="com.Test.RetailPOS_Order_Test"/>
  <system-out/>
</testsuite> <!-- com.Test.RetailPOS_Order_Test -->
