<?xml version="1.0" encoding="UTF-8"?>
<!-- Generated by org.testng.reporters.JUnitReportReporter -->
<testsuite skipped="0" hostname="INL-DHFZTG3" name="com.Test.Standard_Item_POS" tests="1" failures="0" timestamp="2023-11-07T13:41:56 IST" time="79.012" errors="0">
  <testcase name="Closed_Check_Missing" time="79.012" classname="com.Test.Standard_Item_POS"/>
  <system-out/>
</testsuite> <!-- com.Test.Standard_Item_POS -->
